::1 - - [10/May/2022:02:30:00 +0000] "GET /api/v1/book/get_book/6279c9231a00b23b1f996acd HTTP/1.1" 200 362 "-" "PostmanRuntime/7.29.0"
::1 - - [10/May/2022:02:31:26 +0000] "POST /api/v1/book/create_book HTTP/1.1" 200 347 "-" "PostmanRuntime/7.29.0"
::1 - - [10/May/2022:02:31:31 +0000] "POST /api/v1/book/create_book HTTP/1.1" 200 347 "-" "PostmanRuntime/7.29.0"
::1 - - [10/May/2022:02:31:35 +0000] "POST /api/v1/book/create_book HTTP/1.1" 200 347 "-" "PostmanRuntime/7.29.0"
::1 - - [10/May/2022:02:31:41 +0000] "POST /api/v1/book/create_book HTTP/1.1" 200 347 "-" "PostmanRuntime/7.29.0"
::1 - - [10/May/2022:02:31:46 +0000] "POST /api/v1/book/create_book HTTP/1.1" 200 347 "-" "PostmanRuntime/7.29.0"
::1 - - [10/May/2022:02:31:50 +0000] "POST /api/v1/book/create_book HTTP/1.1" 200 347 "-" "PostmanRuntime/7.29.0"
::1 - - [10/May/2022:02:32:19 +0000] "GET /api/v1/book/get_all_books HTTP/1.1" 200 2278 "-" "PostmanRuntime/7.29.0"
::1 - - [10/May/2022:02:36:18 +0000] "PUT /api/v1/book/update_book HTTP/1.1" 200 165 "-" "PostmanRuntime/7.29.0"
::1 - - [10/May/2022:02:37:14 +0000] "POST /api/v1/book/create_book HTTP/1.1" 200 349 "-" "PostmanRuntime/7.29.0"
::1 - - [10/May/2022:02:38:25 +0000] "GET /api/v1/book/get_book/6279c9231a00b23b1f996acd HTTP/1.1" 200 362 "-" "PostmanRuntime/7.29.0"
::1 - - [10/May/2022:02:38:52 +0000] "GET /api/v1/book/get_book/6279ccc179c45e57f63bb900 HTTP/1.1" 200 363 "-" "PostmanRuntime/7.29.0"
::1 - - [10/May/2022:02:39:16 +0000] "GET /api/v1/book/get_book/6279c9231a00b23b1f996acd HTTP/1.1" 200 362 "-" "PostmanRuntime/7.29.0"
::1 - - [10/May/2022:02:39:37 +0000] "DELETE /api/v1/book/delete_book/6279c9231a00b23b1f996acd HTTP/1.1" 200 65 "-" "PostmanRuntime/7.29.0"
::1 - - [10/May/2022:02:39:41 +0000] "GET /api/v1/book/get_all_books HTTP/1.1" 200 2556 "-" "PostmanRuntime/7.29.0"
::1 - - [10/May/2022:02:43:26 +0000] "GET /api/v1/book/get_all_books HTTP/1.1" 200 2006 "-" "PostmanRuntime/7.29.0"
::1 - - [10/May/2022:02:44:31 +0000] "GET /api/v1/book/get_book/6279c9231a00b23b1f996acd HTTP/1.1" 200 93 "-" "PostmanRuntime/7.29.0"
::1 - - [10/May/2022:02:46:52 +0000] "GET /api/v1/book/get_book/6279c9231a00b23b1f996acd HTTP/1.1" 200 82 "-" "PostmanRuntime/7.29.0"
::1 - - [10/May/2022:02:47:44 +0000] "GET /api/v1/book/get_book/6279c9231a00b23b1f996acd HTTP/1.1" 200 77 "-" "PostmanRuntime/7.29.0"
::1 - - [10/May/2022:02:48:08 +0000] "GET /api/v1/book/get_book/6279cfd935be22a7e147fd2f HTTP/1.1" 200 365 "-" "PostmanRuntime/7.29.0"
::1 - - [10/May/2022:02:49:01 +0000] "POST /api/v1/auth/register HTTP/1.1" 200 261 "-" "PostmanRuntime/7.29.0"
::1 - - [10/May/2022:02:49:20 +0000] "POST /api/v1/auth/login HTTP/1.1" 200 255 "-" "PostmanRuntime/7.29.0"
::1 - - [10/May/2022:02:50:09 +0000] "POST /api/v1/book/create_book HTTP/1.1" 200 351 "-" "PostmanRuntime/7.29.0"
::1 - - [10/May/2022:02:50:19 +0000] "GET /api/v1/book/get_all_books HTTP/1.1" 200 2285 "-" "PostmanRuntime/7.29.0"
::1 - - [10/May/2022:02:51:42 +0000] "DELETE /api/v1/book/delete_book/6279ce7ebb045d7c7efe9582 HTTP/1.1" 200 65 "-" "PostmanRuntime/7.29.0"
::1 - - [10/May/2022:02:51:51 +0000] "GET /api/v1/book/get_all_books HTTP/1.1" 200 2010 "-" "PostmanRuntime/7.29.0"
::1 - - [10/May/2022:03:03:15 +0000] "GET /api/v1/book/get_all_books HTTP/1.1" 200 2010 "-" "PostmanRuntime/7.29.0"
::1 - - [10/May/2022:03:03:33 +0000] "DELETE /api/v1/book/delete_book/6279ce83bb045d7c7efe9584 HTTP/1.1" 200 99 "-" "PostmanRuntime/7.29.0"
::1 - - [10/May/2022:03:06:22 +0000] "POST /api/v1/book/create_book HTTP/1.1" 200 351 "-" "PostmanRuntime/7.29.0"
::1 - - [10/May/2022:03:06:31 +0000] "POST /api/v1/book/create_book HTTP/1.1" 200 352 "-" "PostmanRuntime/7.29.0"
::1 - - [10/May/2022:03:06:39 +0000] "POST /api/v1/book/create_book HTTP/1.1" 200 352 "-" "PostmanRuntime/7.29.0"
::1 - - [10/May/2022:03:06:43 +0000] "POST /api/v1/book/create_book HTTP/1.1" 200 352 "-" "PostmanRuntime/7.29.0"
::1 - - [10/May/2022:03:06:47 +0000] "POST /api/v1/book/create_book HTTP/1.1" 200 352 "-" "PostmanRuntime/7.29.0"
::1 - - [10/May/2022:03:06:51 +0000] "GET /api/v1/book/get_all_books HTTP/1.1" 200 3409 "-" "PostmanRuntime/7.29.0"
::1 - - [10/May/2022:03:07:44 +0000] "POST /api/v1/auth/login HTTP/1.1" 200 255 "-" "PostmanRuntime/7.29.0"
::1 - - [10/May/2022:03:08:34 +0000] "GET /api/v1/book/get_all_books HTTP/1.1" 200 3409 "-" "PostmanRuntime/7.29.0"
::1 - - [10/May/2022:03:08:57 +0000] "DELETE /api/v1/book/delete_book/6279d6c7a70d6625f8a0a04c HTTP/1.1" 200 99 "-" "PostmanRuntime/7.29.0"
::1 - - [10/May/2022:03:09:19 +0000] "DELETE /api/v1/book/delete_book/6279ce83bb045d7c7efe9584 HTTP/1.1" 200 99 "-" "PostmanRuntime/7.29.0"
::1 - - [10/May/2022:03:10:54 +0000] "DELETE /api/v1/book/delete_book/6279ce83bb045d7c7efe9584 HTTP/1.1" 200 99 "-" "PostmanRuntime/7.29.0"
::1 - - [10/May/2022:03:12:05 +0000] "DELETE /api/v1/book/delete_book/6279ce83bb045d7c7efe9584 HTTP/1.1" 200 65 "-" "PostmanRuntime/7.29.0"
::1 - - [10/May/2022:03:12:29 +0000] "DELETE /api/v1/book/delete_book/6279d6aea70d6625f8a0a044 HTTP/1.1" 200 99 "-" "PostmanRuntime/7.29.0"
::1 - - [10/May/2022:03:12:32 +0000] "GET /api/v1/book/get_all_books HTTP/1.1" 200 3134 "-" "PostmanRuntime/7.29.0"
::1 - - [10/May/2022:03:18:30 +0000] "PUT /api/v1/book/update_book HTTP/1.1" 500 93 "-" "PostmanRuntime/7.29.0"
::1 - - [10/May/2022:03:21:02 +0000] "PUT /api/v1/book/update_book HTTP/1.1" 500 93 "-" "PostmanRuntime/7.29.0"
::1 - - [10/May/2022:03:21:20 +0000] "GET /api/v1/book/get_all_books HTTP/1.1" 200 3134 "-" "PostmanRuntime/7.29.0"
::1 - - [10/May/2022:03:22:50 +0000] "PUT /api/v1/book/update_book HTTP/1.1" 500 93 "-" "PostmanRuntime/7.29.0"
::1 - - [10/May/2022:03:23:57 +0000] "PUT /api/v1/book/update_book HTTP/1.1" 200 99 "-" "PostmanRuntime/7.29.0"
::1 - - [10/May/2022:03:24:33 +0000] "PUT /api/v1/book/update_book HTTP/1.1" 200 165 "-" "PostmanRuntime/7.29.0"
